<?xml version="1.0" encoding="UTF-8"?>
<testsuite xmlns:xsi="http://www.w3.org/2001/XMLSchema-instance" xsi:noNamespaceSchemaLocation="https://maven.apache.org/surefire/maven-surefire-plugin/xsd/surefire-test-report.xsd" name="TestSuite" time="9.457" tests="2" errors="0" skipped="0" failures="0">
  <properties>
    <property name="sun.desktop" value="windows"/>
    <property name="awt.toolkit" value="sun.awt.windows.WToolkit"/>
    <property name="file.encoding.pkg" value="sun.io"/>
    <property name="java.specification.version" value="1.8"/>
    <property name="sun.cpu.isalist" value="amd64"/>
    <property name="sun.jnu.encoding" value="GBK"/>
    <property name="java.class.path" value="D:\Program Files\JetBrains\course12\target\test-classes;D:\Program Files\JetBrains\course12\target\classes;D:\Maven\maven-repository\org\testng\testng\6.14.3\testng-6.14.3.jar;D:\Maven\maven-repository\com\beust\jcommander\1.72\jcommander-1.72.jar;D:\Maven\maven-repository\org\apache-extras\beanshell\bsh\2.0b6\bsh-2.0b6.jar;D:\Maven\maven-repository\com\aventstack\extentreports\3.0.6\extentreports-3.0.6.jar;D:\Maven\maven-repository\org\freemarker\freemarker\2.3.23\freemarker-2.3.23.jar;D:\Maven\maven-repository\org\mongodb\mongodb-driver\3.3.0\mongodb-driver-3.3.0.jar;D:\Maven\maven-repository\org\mongodb\bson\3.3.0\bson-3.3.0.jar;D:\Maven\maven-repository\org\mongodb\mongodb-driver-core\3.3.0\mongodb-driver-core-3.3.0.jar;D:\Maven\maven-repository\org\apache\httpcomponents\httpmime\4.5.2\httpmime-4.5.2.jar;D:\Maven\maven-repository\org\jsoup\jsoup\1.9.2\jsoup-1.9.2.jar;D:\Maven\maven-repository\com\relevantcodes\extentreports\2.41.1\extentreports-2.41.1.jar;D:\Maven\maven-repository\org\xerial\sqlite-jdbc\3.8.11.1\sqlite-jdbc-3.8.11.1.jar;D:\Maven\maven-repository\com\vimalselvam\testng-extentsreport\1.3.1\testng-extentsreport-1.3.1.jar;D:\Maven\maven-repository\com\google\guava\guava\20.0\guava-20.0.jar;D:\Maven\maven-repository\org\projectlombok\lombok\1.16.14\lombok-1.16.14.jar;D:\Maven\maven-repository\com\alibaba\fastjson\1.2.58\fastjson-1.2.58.jar;D:\Maven\maven-repository\org\mybatis\spring\boot\mybatis-spring-boot-starter\2.0.1\mybatis-spring-boot-starter-2.0.1.jar;D:\Maven\maven-repository\org\springframework\boot\spring-boot-starter\2.0.9.RELEASE\spring-boot-starter-2.0.9.RELEASE.jar;D:\Maven\maven-repository\org\springframework\boot\spring-boot\2.0.9.RELEASE\spring-boot-2.0.9.RELEASE.jar;D:\Maven\maven-repository\org\springframework\spring-context\5.0.13.RELEASE\spring-context-5.0.13.RELEASE.jar;D:\Maven\maven-repository\org\springframework\spring-aop\5.0.13.RELEASE\spring-aop-5.0.13.RELEASE.jar;D:\Maven\maven-repository\org\springframework\spring-expression\5.0.13.RELEASE\spring-expression-5.0.13.RELEASE.jar;D:\Maven\maven-repository\org\springframework\boot\spring-boot-autoconfigure\2.0.9.RELEASE\spring-boot-autoconfigure-2.0.9.RELEASE.jar;D:\Maven\maven-repository\org\springframework\boot\spring-boot-starter-logging\2.0.9.RELEASE\spring-boot-starter-logging-2.0.9.RELEASE.jar;D:\Maven\maven-repository\org\apache\logging\log4j\log4j-to-slf4j\2.10.0\log4j-to-slf4j-2.10.0.jar;D:\Maven\maven-repository\org\apache\logging\log4j\log4j-api\2.10.0\log4j-api-2.10.0.jar;D:\Maven\maven-repository\org\slf4j\jul-to-slf4j\1.7.26\jul-to-slf4j-1.7.26.jar;D:\Maven\maven-repository\javax\annotation\javax.annotation-api\1.3.2\javax.annotation-api-1.3.2.jar;D:\Maven\maven-repository\org\springframework\spring-core\5.0.13.RELEASE\spring-core-5.0.13.RELEASE.jar;D:\Maven\maven-repository\org\springframework\spring-jcl\5.0.13.RELEASE\spring-jcl-5.0.13.RELEASE.jar;D:\Maven\maven-repository\org\yaml\snakeyaml\1.19\snakeyaml-1.19.jar;D:\Maven\maven-repository\org\springframework\boot\spring-boot-starter-jdbc\2.0.9.RELEASE\spring-boot-starter-jdbc-2.0.9.RELEASE.jar;D:\Maven\maven-repository\com\zaxxer\HikariCP\2.7.9\HikariCP-2.7.9.jar;D:\Maven\maven-repository\org\springframework\spring-jdbc\5.0.13.RELEASE\spring-jdbc-5.0.13.RELEASE.jar;D:\Maven\maven-repository\org\springframework\spring-beans\5.0.13.RELEASE\spring-beans-5.0.13.RELEASE.jar;D:\Maven\maven-repository\org\springframework\spring-tx\5.0.13.RELEASE\spring-tx-5.0.13.RELEASE.jar;D:\Maven\maven-repository\org\mybatis\spring\boot\mybatis-spring-boot-autoconfigure\2.0.1\mybatis-spring-boot-autoconfigure-2.0.1.jar;D:\Maven\maven-repository\org\mybatis\mybatis\3.5.1\mybatis-3.5.1.jar;D:\Maven\maven-repository\org\mybatis\mybatis-spring\2.0.1\mybatis-spring-2.0.1.jar;D:\Maven\maven-repository\ch\qos\logback\logback-core\1.2.3\logback-core-1.2.3.jar;D:\Maven\maven-repository\ch\qos\logback\logback-classic\1.2.3\logback-classic-1.2.3.jar;D:\Maven\maven-repository\org\slf4j\slf4j-api\1.7.25\slf4j-api-1.7.25.jar;D:\Maven\maven-repository\mysql\mysql-connector-java\8.0.19\mysql-connector-java-8.0.19.jar;D:\Maven\maven-repository\com\google\protobuf\protobuf-java\3.6.1\protobuf-java-3.6.1.jar;D:\Maven\maven-repository\org\apache\httpcomponents\httpclient\4.3.6\httpclient-4.3.6.jar;D:\Maven\maven-repository\org\apache\httpcomponents\httpcore\4.3.3\httpcore-4.3.3.jar;D:\Maven\maven-repository\commons-logging\commons-logging\1.1.3\commons-logging-1.1.3.jar;D:\Maven\maven-repository\commons-codec\commons-codec\1.6\commons-codec-1.6.jar;D:\Maven\maven-repository\org\json\json\20180130\json-20180130.jar;"/>
    <property name="java.vm.vendor" value="Oracle Corporation"/>
    <property name="sun.arch.data.model" value="64"/>
    <property name="user.variant" value=""/>
    <property name="java.vendor.url" value="http://java.oracle.com/"/>
    <property name="user.timezone" value="Asia/Shanghai"/>
    <property name="java.vm.specification.version" value="1.8"/>
    <property name="os.name" value="Windows 10"/>
    <property name="user.country" value="CN"/>
    <property name="sun.java.launcher" value="SUN_STANDARD"/>
    <property name="sun.boot.library.path" value="D:\Program Files\Java\jdk1.8.0_161\jre\bin"/>
    <property name="sun.java.command" value="C:\Users\nubomed\AppData\Local\Temp\surefire4064543775255199310\surefirebooter4023020924638051937.jar C:\Users\nubomed\AppData\Local\Temp\surefire4064543775255199310 2020-06-10T16-11-41_350-jvmRun1 surefire4512461228701297039tmp surefire_03461917738323534959tmp"/>
    <property name="surefire.test.class.path" value="D:\Program Files\JetBrains\course12\target\test-classes;D:\Program Files\JetBrains\course12\target\classes;D:\Maven\maven-repository\org\testng\testng\6.14.3\testng-6.14.3.jar;D:\Maven\maven-repository\com\beust\jcommander\1.72\jcommander-1.72.jar;D:\Maven\maven-repository\org\apache-extras\beanshell\bsh\2.0b6\bsh-2.0b6.jar;D:\Maven\maven-repository\com\aventstack\extentreports\3.0.6\extentreports-3.0.6.jar;D:\Maven\maven-repository\org\freemarker\freemarker\2.3.23\freemarker-2.3.23.jar;D:\Maven\maven-repository\org\mongodb\mongodb-driver\3.3.0\mongodb-driver-3.3.0.jar;D:\Maven\maven-repository\org\mongodb\bson\3.3.0\bson-3.3.0.jar;D:\Maven\maven-repository\org\mongodb\mongodb-driver-core\3.3.0\mongodb-driver-core-3.3.0.jar;D:\Maven\maven-repository\org\apache\httpcomponents\httpmime\4.5.2\httpmime-4.5.2.jar;D:\Maven\maven-repository\org\jsoup\jsoup\1.9.2\jsoup-1.9.2.jar;D:\Maven\maven-repository\com\relevantcodes\extentreports\2.41.1\extentreports-2.41.1.jar;D:\Maven\maven-repository\org\xerial\sqlite-jdbc\3.8.11.1\sqlite-jdbc-3.8.11.1.jar;D:\Maven\maven-repository\com\vimalselvam\testng-extentsreport\1.3.1\testng-extentsreport-1.3.1.jar;D:\Maven\maven-repository\com\google\guava\guava\20.0\guava-20.0.jar;D:\Maven\maven-repository\org\projectlombok\lombok\1.16.14\lombok-1.16.14.jar;D:\Maven\maven-repository\com\alibaba\fastjson\1.2.58\fastjson-1.2.58.jar;D:\Maven\maven-repository\org\mybatis\spring\boot\mybatis-spring-boot-starter\2.0.1\mybatis-spring-boot-starter-2.0.1.jar;D:\Maven\maven-repository\org\springframework\boot\spring-boot-starter\2.0.9.RELEASE\spring-boot-starter-2.0.9.RELEASE.jar;D:\Maven\maven-repository\org\springframework\boot\spring-boot\2.0.9.RELEASE\spring-boot-2.0.9.RELEASE.jar;D:\Maven\maven-repository\org\springframework\spring-context\5.0.13.RELEASE\spring-context-5.0.13.RELEASE.jar;D:\Maven\maven-repository\org\springframework\spring-aop\5.0.13.RELEASE\spring-aop-5.0.13.RELEASE.jar;D:\Maven\maven-repository\org\springframework\spring-expression\5.0.13.RELEASE\spring-expression-5.0.13.RELEASE.jar;D:\Maven\maven-repository\org\springframework\boot\spring-boot-autoconfigure\2.0.9.RELEASE\spring-boot-autoconfigure-2.0.9.RELEASE.jar;D:\Maven\maven-repository\org\springframework\boot\spring-boot-starter-logging\2.0.9.RELEASE\spring-boot-starter-logging-2.0.9.RELEASE.jar;D:\Maven\maven-repository\org\apache\logging\log4j\log4j-to-slf4j\2.10.0\log4j-to-slf4j-2.10.0.jar;D:\Maven\maven-repository\org\apache\logging\log4j\log4j-api\2.10.0\log4j-api-2.10.0.jar;D:\Maven\maven-repository\org\slf4j\jul-to-slf4j\1.7.26\jul-to-slf4j-1.7.26.jar;D:\Maven\maven-repository\javax\annotation\javax.annotation-api\1.3.2\javax.annotation-api-1.3.2.jar;D:\Maven\maven-repository\org\springframework\spring-core\5.0.13.RELEASE\spring-core-5.0.13.RELEASE.jar;D:\Maven\maven-repository\org\springframework\spring-jcl\5.0.13.RELEASE\spring-jcl-5.0.13.RELEASE.jar;D:\Maven\maven-repository\org\yaml\snakeyaml\1.19\snakeyaml-1.19.jar;D:\Maven\maven-repository\org\springframework\boot\spring-boot-starter-jdbc\2.0.9.RELEASE\spring-boot-starter-jdbc-2.0.9.RELEASE.jar;D:\Maven\maven-repository\com\zaxxer\HikariCP\2.7.9\HikariCP-2.7.9.jar;D:\Maven\maven-repository\org\springframework\spring-jdbc\5.0.13.RELEASE\spring-jdbc-5.0.13.RELEASE.jar;D:\Maven\maven-repository\org\springframework\spring-beans\5.0.13.RELEASE\spring-beans-5.0.13.RELEASE.jar;D:\Maven\maven-repository\org\springframework\spring-tx\5.0.13.RELEASE\spring-tx-5.0.13.RELEASE.jar;D:\Maven\maven-repository\org\mybatis\spring\boot\mybatis-spring-boot-autoconfigure\2.0.1\mybatis-spring-boot-autoconfigure-2.0.1.jar;D:\Maven\maven-repository\org\mybatis\mybatis\3.5.1\mybatis-3.5.1.jar;D:\Maven\maven-repository\org\mybatis\mybatis-spring\2.0.1\mybatis-spring-2.0.1.jar;D:\Maven\maven-repository\ch\qos\logback\logback-core\1.2.3\logback-core-1.2.3.jar;D:\Maven\maven-repository\ch\qos\logback\logback-classic\1.2.3\logback-classic-1.2.3.jar;D:\Maven\maven-repository\org\slf4j\slf4j-api\1.7.25\slf4j-api-1.7.25.jar;D:\Maven\maven-repository\mysql\mysql-connector-java\8.0.19\mysql-connector-java-8.0.19.jar;D:\Maven\maven-repository\com\google\protobuf\protobuf-java\3.6.1\protobuf-java-3.6.1.jar;D:\Maven\maven-repository\org\apache\httpcomponents\httpclient\4.3.6\httpclient-4.3.6.jar;D:\Maven\maven-repository\org\apache\httpcomponents\httpcore\4.3.3\httpcore-4.3.3.jar;D:\Maven\maven-repository\commons-logging\commons-logging\1.1.3\commons-logging-1.1.3.jar;D:\Maven\maven-repository\commons-codec\commons-codec\1.6\commons-codec-1.6.jar;D:\Maven\maven-repository\org\json\json\20180130\json-20180130.jar;"/>
    <property name="sun.cpu.endian" value="little"/>
    <property name="user.home" value="C:\Users\nubomed"/>
    <property name="user.language" value="zh"/>
    <property name="java.specification.vendor" value="Oracle Corporation"/>
    <property name="java.home" value="D:\Program Files\Java\jdk1.8.0_161\jre"/>
    <property name="basedir" value="D:\Program Files\JetBrains\course12"/>
    <property name="file.separator" value="\"/>
    <property name="line.separator" value="&#10;"/>
    <property name="java.vm.specification.vendor" value="Oracle Corporation"/>
    <property name="java.specification.name" value="Java Platform API Specification"/>
    <property name="java.awt.graphicsenv" value="sun.awt.Win32GraphicsEnvironment"/>
    <property name="surefire.real.class.path" value="C:\Users\nubomed\AppData\Local\Temp\surefire4064543775255199310\surefirebooter4023020924638051937.jar"/>
    <property name="sun.boot.class.path" value="D:\Program Files\Java\jdk1.8.0_161\jre\lib\resources.jar;D:\Program Files\Java\jdk1.8.0_161\jre\lib\rt.jar;D:\Program Files\Java\jdk1.8.0_161\jre\lib\sunrsasign.jar;D:\Program Files\Java\jdk1.8.0_161\jre\lib\jsse.jar;D:\Program Files\Java\jdk1.8.0_161\jre\lib\jce.jar;D:\Program Files\Java\jdk1.8.0_161\jre\lib\charsets.jar;D:\Program Files\Java\jdk1.8.0_161\jre\lib\jfr.jar;D:\Program Files\Java\jdk1.8.0_161\jre\classes"/>
    <property name="user.script" value=""/>
    <property name="sun.management.compiler" value="HotSpot 64-Bit Tiered Compilers"/>
    <property name="java.runtime.version" value="1.8.0_161-b12"/>
    <property name="user.name" value="nubomed"/>
    <property name="path.separator" value=";"/>
    <property name="os.version" value="10.0"/>
    <property name="java.endorsed.dirs" value="D:\Program Files\Java\jdk1.8.0_161\jre\lib\endorsed"/>
    <property name="java.runtime.name" value="Java(TM) SE Runtime Environment"/>
    <property name="file.encoding" value="UTF-8"/>
    <property name="java.vm.name" value="Java HotSpot(TM) 64-Bit Server VM"/>
    <property name="localRepository" value="D:\Maven\maven-repository"/>
    <property name="java.vendor.url.bug" value="http://bugreport.sun.com/bugreport/"/>
    <property name="java.io.tmpdir" value="C:\Users\nubomed\AppData\Local\Temp\"/>
    <property name="java.version" value="1.8.0_161"/>
    <property name="user.dir" value="D:\Program Files\JetBrains\course12"/>
    <property name="os.arch" value="amd64"/>
    <property name="java.vm.specification.name" value="Java Virtual Machine Specification"/>
    <property name="java.awt.printerjob" value="sun.awt.windows.WPrinterJob"/>
    <property name="idea.version2019.3.1" value="true"/>
    <property name="sun.os.patch.level" value=""/>
    <property name="java.library.path" value="D:\Program Files\Java\jdk1.8.0_161\jre\bin;C:\WINDOWS\Sun\Java\bin;C:\WINDOWS\system32;C:\WINDOWS;C:\WINDOWS\system32;C:\WINDOWS;C:\WINDOWS\System32\Wbem;C:\WINDOWS\System32\WindowsPowerShell\v1.0\;D:\Program Files\Java\jdk1.8.0_161\bin;D:\Maven\apache-maven-3.6.3\bin;D:\Program Files\Java\jdk1.8.0_161\jre\bin;C:\WINDOWS\System32\OpenSSH\;C:\Program Files\MySQL\MySQL Server 5.7\bin;D:\Program Files\Git\cmd;C:\Users\nubomed\AppData\Local\Microsoft\WindowsApps;;."/>
    <property name="java.vm.info" value="mixed mode"/>
    <property name="java.vendor" value="Oracle Corporation"/>
    <property name="java.vm.version" value="25.161-b12"/>
    <property name="java.ext.dirs" value="D:\Program Files\Java\jdk1.8.0_161\jre\lib\ext;C:\WINDOWS\Sun\Java\lib\ext"/>
    <property name="sun.io.unicode.encoding" value="UnicodeLittle"/>
    <property name="maven.repo.local" value="D:\Maven\maven-repository"/>
    <property name="java.class.version" value="52.0"/>
  </properties>
  <testcase name="loginTest" classname="com.course.cases.LoginTest" time="5.066"/>
  <testcase name="adduserTes" classname="com.course.cases.AddUserTest" time="0.439"/>
</testsuite>