<?xml version="1.0" encoding="UTF-8"?>
<!-- Generated by org.testng.reporters.JUnitReportReporter -->
<testsuite skipped="0" hostname="DESKTOP-UK8R91C" name="com.course.cases.AddUserTest" tests="1" failures="0" timestamp="08 Jun 2020 02:05:01 GMT" time="0.294" errors="0">
  <testcase name="adduserTes" time="0.294" classname="com.course.cases.AddUserTest"/>
</testsuite> <!-- com.course.cases.AddUserTest -->
