<?xml version="1.0" encoding="UTF-8"?>
<!-- Generated by org.testng.reporters.JUnitReportReporter -->
<testsuite skipped="0" hostname="DESKTOP-UK8R91C" name="com.course.cases.LoginTest" tests="1" failures="0" timestamp="10 Jun 2020 08:11:53 GMT" time="5.064" errors="0">
  <testcase name="loginTest" time="5.064" classname="com.course.cases.LoginTest"/>
</testsuite> <!-- com.course.cases.LoginTest -->
