<?xml version="1.0" encoding="UTF-8"?>
<!-- Generated by org.testng.reporters.JUnitReportReporter -->
<testsuite skipped="0" hostname="DESKTOP-UK8R91C" name="com.course.cases.LoginTest" tests="1" failures="0" timestamp="08 Jun 2020 02:05:01 GMT" time="3.167" errors="0">
  <testcase name="loginTest" time="3.167" classname="com.course.cases.LoginTest"/>
</testsuite> <!-- com.course.cases.LoginTest -->
