<?xml version="1.0" encoding="UTF-8"?>
<!-- Generated by org.testng.reporters.JUnitReportReporter -->
<testsuite skipped="0" hostname="DESKTOP-UK8R91C" name="com.course.cases.AddUserTest" tests="1" failures="0" timestamp="10 Jun 2020 08:11:53 GMT" time="0.420" errors="0">
  <testcase name="adduserTes" time="0.420" classname="com.course.cases.AddUserTest"/>
</testsuite> <!-- com.course.cases.AddUserTest -->
